Using pre-set license
Built from '2022.3/staging' branch; Version is '2022.3.4f1 (35713cd46cd7) revision 3502396'; Using compiler version '192829333'; Build Type 'Release'
OS: 'Windows 11  (10.0.22631) 64bit Core' Language: 'tr' Physical Memory: 32627 MB
BatchMode: 1, IsHumanControllingUs: 0, StartBugReporterOnCrash: 0, Is64bit: 1, IsPro: 1

COMMAND LINE ARGUMENTS:
C:\Program Files\Unity\Hub\Editor\2022.3.4f1\Editor\Unity.exe
-adb2
-batchMode
-noUpm
-name
AssetImportWorker4
-projectPath
C:/Users/user/Documents/unity projects/fruitmatch (2)/fruitmatch
-logFile
Logs/AssetImportWorker4.log
-srvPort
64556
Successfully changed project path to: C:/Users/user/Documents/unity projects/fruitmatch (2)/fruitmatch
C:/Users/user/Documents/unity projects/fruitmatch (2)/fruitmatch
[UnityMemory] Configuration Parameters - Can be set up in boot.config
    "memorysetup-bucket-allocator-granularity=16"
    "memorysetup-bucket-allocator-bucket-count=8"
    "memorysetup-bucket-allocator-block-size=33554432"
    "memorysetup-bucket-allocator-block-count=8"
    "memorysetup-main-allocator-block-size=16777216"
    "memorysetup-thread-allocator-block-size=16777216"
    "memorysetup-gfx-main-allocator-block-size=16777216"
    "memorysetup-gfx-thread-allocator-block-size=16777216"
    "memorysetup-cache-allocator-block-size=4194304"
    "memorysetup-typetree-allocator-block-size=2097152"
    "memorysetup-profiler-bucket-allocator-granularity=16"
    "memorysetup-profiler-bucket-allocator-bucket-count=8"
    "memorysetup-profiler-bucket-allocator-block-size=33554432"
    "memorysetup-profiler-bucket-allocator-block-count=8"
    "memorysetup-profiler-allocator-block-size=16777216"
    "memorysetup-profiler-editor-allocator-block-size=1048576"
    "memorysetup-temp-allocator-size-main=16777216"
    "memorysetup-job-temp-allocator-block-size=2097152"
    "memorysetup-job-temp-allocator-block-size-background=1048576"
    "memorysetup-job-temp-allocator-reduction-small-platforms=262144"
    "memorysetup-allocator-temp-initial-block-size-main=262144"
    "memorysetup-allocator-temp-initial-block-size-worker=262144"
    "memorysetup-temp-allocator-size-background-worker=32768"
    "memorysetup-temp-allocator-size-job-worker=262144"
    "memorysetup-temp-allocator-size-preload-manager=33554432"
    "memorysetup-temp-allocator-size-nav-mesh-worker=65536"
    "memorysetup-temp-allocator-size-audio-worker=65536"
    "memorysetup-temp-allocator-size-cloud-worker=32768"
    "memorysetup-temp-allocator-size-gi-baking-worker=262144"
    "memorysetup-temp-allocator-size-gfx=262144"
Player connection [4324] Host "[IP] 192.168.1.6 [Port] 0 [Flags] 2 [Guid] 2538953068 [EditorId] 2538953068 [Version] 1048832 [Id] WindowsEditor(7,docapp) [Debug] 1 [PackageName] WindowsEditor [ProjectName] Editor" joined multi-casting on [225.0.0.222:54997]...

Player connection [4324] Host "[IP] 192.168.1.6 [Port] 0 [Flags] 2 [Guid] 2538953068 [EditorId] 2538953068 [Version] 1048832 [Id] WindowsEditor(7,docapp) [Debug] 1 [PackageName] WindowsEditor [ProjectName] Editor" joined alternative multi-casting on [225.0.0.222:34997]...

Refreshing native plugins compatible for Editor in 58.91 ms, found 3 plugins.
Preloading 0 native plugins for Editor in 0.00 ms.
Initialize engine version: 2022.3.4f1 (35713cd46cd7)
[Subsystems] Discovering subsystems at path C:/Program Files/Unity/Hub/Editor/2022.3.4f1/Editor/Data/Resources/UnitySubsystems
[Subsystems] Discovering subsystems at path C:/Users/user/Documents/unity projects/fruitmatch (2)/fruitmatch/Assets
GfxDevice: creating device client; threaded=0; jobified=0
Direct3D:
    Version:  Direct3D 11.0 [level 11.1]
    Renderer: NVIDIA GeForce RTX 3080 (ID=0x2216)
    Vendor:   NVIDIA
    VRAM:     10067 MB
    Driver:   31.0.15.4665
Initialize mono
Mono path[0] = 'C:/Program Files/Unity/Hub/Editor/2022.3.4f1/Editor/Data/Managed'
Mono path[1] = 'C:/Program Files/Unity/Hub/Editor/2022.3.4f1/Editor/Data/MonoBleedingEdge/lib/mono/unityjit-win32'
Mono config path = 'C:/Program Files/Unity/Hub/Editor/2022.3.4f1/Editor/Data/MonoBleedingEdge/etc'
Using monoOptions --debugger-agent=transport=dt_socket,embedding=1,server=y,suspend=n,address=127.0.0.1:56552
Begin MonoManager ReloadAssembly
Registering precompiled unity dll's ...
Register platform support module: C:/Program Files/Unity/Hub/Editor/2022.3.4f1/Editor/Data/PlaybackEngines/WebGLSupport/UnityEditor.WebGL.Extensions.dll
Register platform support module: C:/Program Files/Unity/Hub/Editor/2022.3.4f1/Editor/Data/PlaybackEngines/AndroidPlayer/UnityEditor.Android.Extensions.dll
Register platform support module: C:/Program Files/Unity/Hub/Editor/2022.3.4f1/Editor/Data/PlaybackEngines/WindowsStandaloneSupport/UnityEditor.WindowsStandalone.Extensions.dll
Register platform support module: C:/Program Files/Unity/Hub/Editor/2022.3.4f1/Editor/Data/PlaybackEngines/MetroSupport/UnityEditor.UWP.Extensions.dll
Registered in 0.010881 seconds.
- Loaded All Assemblies, in  0.659 seconds
Native extension for UWP target not found
Native extension for WindowsStandalone target not found
Native extension for Android target not found
Android Extension - Scanning For ADB Devices 429 ms
Native extension for WebGL target not found
Mono: successfully reloaded assembly
- Finished resetting the current domain, in  0.679 seconds
Domain Reload Profiling: 1337ms
	BeginReloadAssembly (127ms)
		ExecutionOrderSort (0ms)
		DisableScriptedObjects (0ms)
		BackupInstance (0ms)
		ReleaseScriptingObjects (0ms)
		CreateAndSetChildDomain (0ms)
	RebuildCommonClasses (164ms)
	RebuildNativeTypeToScriptingClass (7ms)
	initialDomainReloadingComplete (53ms)
	LoadAllAssembliesAndSetupDomain (307ms)
		LoadAssemblies (127ms)
		RebuildTransferFunctionScriptingTraits (0ms)
		AnalyzeDomain (299ms)
			TypeCache.Refresh (298ms)
				TypeCache.ScanAssembly (288ms)
			ScanForSourceGeneratedMonoScriptInfo (0ms)
			ResolveRequiredComponents (0ms)
	FinalizeReload (680ms)
		ReleaseScriptCaches (0ms)
		RebuildScriptCaches (0ms)
		SetupLoadedEditorAssemblies (634ms)
			LogAssemblyErrors (0ms)
			InitializePlatformSupportModulesInManaged (517ms)
			SetLoadedEditorAssemblies (3ms)
			RefreshPlugins (0ms)
			BeforeProcessingInitializeOnLoad (2ms)
			ProcessInitializeOnLoadAttributes (72ms)
			ProcessInitializeOnLoadMethodAttributes (41ms)
			AfterProcessingInitializeOnLoad (0ms)
			EditorAssembliesLoaded (0ms)
		ExecutionOrderSort2 (0ms)
		AwakeInstancesAfterBackupRestoration (0ms)
========================================================================
Worker process is ready to serve import requests
Begin MonoManager ReloadAssembly
- Loaded All Assemblies, in  0.696 seconds
Refreshing native plugins compatible for Editor in 3.52 ms, found 3 plugins.
Native extension for UWP target not found
Native extension for WindowsStandalone target not found
Native extension for Android target not found
Native extension for WebGL target not found
Package Manager log level set to [2]
[Package Manager] Server::EnsureServerProcessIsRunning -- launch failed, reason: Unity was launched with the -noUpm command-line argument
[Package Manager] UpmClient::Send -- Unable to send message (not connected to UPM process).
[Package Manager] Cannot connect to Unity Package Manager local server
Mono: successfully reloaded assembly
- Finished resetting the current domain, in  0.556 seconds
Domain Reload Profiling: 1249ms
	BeginReloadAssembly (164ms)
		ExecutionOrderSort (0ms)
		DisableScriptedObjects (4ms)
		BackupInstance (0ms)
		ReleaseScriptingObjects (0ms)
		CreateAndSetChildDomain (16ms)
	RebuildCommonClasses (26ms)
	RebuildNativeTypeToScriptingClass (7ms)
	initialDomainReloadingComplete (32ms)
	LoadAllAssembliesAndSetupDomain (462ms)
		LoadAssemblies (356ms)
		RebuildTransferFunctionScriptingTraits (0ms)
		AnalyzeDomain (222ms)
			TypeCache.Refresh (200ms)
				TypeCache.ScanAssembly (187ms)
			ScanForSourceGeneratedMonoScriptInfo (16ms)
			ResolveRequiredComponents (6ms)
	FinalizeReload (556ms)
		ReleaseScriptCaches (0ms)
		RebuildScriptCaches (0ms)
		SetupLoadedEditorAssemblies (427ms)
			LogAssemblyErrors (0ms)
			InitializePlatformSupportModulesInManaged (21ms)
			SetLoadedEditorAssemblies (4ms)
			RefreshPlugins (0ms)
			BeforeProcessingInitializeOnLoad (83ms)
			ProcessInitializeOnLoadAttributes (254ms)
			ProcessInitializeOnLoadMethodAttributes (60ms)
			AfterProcessingInitializeOnLoad (5ms)
			EditorAssembliesLoaded (0ms)
		ExecutionOrderSort2 (0ms)
		AwakeInstancesAfterBackupRestoration (9ms)
Launched and connected shader compiler UnityShaderCompiler.exe after 0.04 seconds
Refreshing native plugins compatible for Editor in 5.43 ms, found 3 plugins.
Preloading 0 native plugins for Editor in 0.00 ms.
Unloading 4120 Unused Serialized files (Serialized files now loaded: 0)
Unloading 75 unused Assets / (348.3 KB). Loaded Objects now: 4591.
Memory consumption went from 192.8 MB to 192.5 MB.
Total: 4.277800 ms (FindLiveObjects: 0.276700 ms CreateObjectMapping: 0.229500 ms MarkObjects: 3.544200 ms  DeleteObjects: 0.226000 ms)

AssetImportParameters requested are different than current active one (requested -> active):
  custom:container-demuxer-ogg: 62fdf1f143b41e24485cea50d1cbac27 -> 
  custom:video-decoder-ogg-theora: a1e56fd34408186e4bbccfd4996cb3dc -> 
  custom:framework-win-MediaFoundation: 216162199b28c13a410421893ffa2e32 -> 
  custom:CustomObjectIndexerAttribute: a3ef5dd2817f97addfee359851a9dba5 -> 
  custom:container-demuxer-webm: 4f35f7cbe854078d1ac9338744f61a02 -> 
  custom:container-muxer-webm: aa71ff27fc2769a1b78a27578f13a17b -> 
  custom:video-decoder-webm-vp8: 9c59270c3fd7afecdb556c50c9e8de78 -> 
  custom:AudioImporter_EditorPlatform: d09bf68614088b80899f8185d706f6e7 -> 
  custom:video-encoder-webm-vp8: eb34c28f22e8b96e1ab97ce403110664 -> 
  custom:audio-decoder-ogg-vorbis: bf7c407c2cedff20999df2af8eb42d56 -> 
  custom:audio-encoder-webm-vorbis: bf7c407c2cedff20999df2af8eb42d56 -> 
========================================================================
Received Import Request.
  Time since last request: 355198.739255 seconds.
  path: Assets/Prefabs/LevelBits/UI Canvas.prefab
  artifactKey: Guid(a2b613c770636ed4295fc245d8757cc9) Importer(815301076,1909f56bfc062723c751e8b465ee728b)
Start importing Assets/Prefabs/LevelBits/UI Canvas.prefab using Guid(a2b613c770636ed4295fc245d8757cc9) Importer(815301076,1909f56bfc062723c751e8b465ee728b)  -> (artifact id: '62dd502ab5ce12dd2f5cac092f459c72') in 0.093550 seconds
Number of updated asset objects reloaded before import = 0
Number of asset objects unloaded after import = 291
========================================================================
Received Import Request.
  Time since last request: 1.673936 seconds.
  path: Assets/Prefabs/Avatars/Chef_0.prefab
  artifactKey: Guid(dcd5802b0934246459f5906635ba067f) Importer(815301076,1909f56bfc062723c751e8b465ee728b)
Start importing Assets/Prefabs/Avatars/Chef_0.prefab using Guid(dcd5802b0934246459f5906635ba067f) Importer(815301076,1909f56bfc062723c751e8b465ee728b)  -> (artifact id: '7be191dfff0afc2971334931be59b7a8') in 0.005426 seconds
Number of updated asset objects reloaded before import = 0
Number of asset objects unloaded after import = 6
========================================================================
Received Import Request.
  Time since last request: 0.002075 seconds.
  path: Assets/Prefabs/Avatars/Chef_4.prefab
  artifactKey: Guid(73f449d1232a06345bae100dc5d365fe) Importer(815301076,1909f56bfc062723c751e8b465ee728b)
Start importing Assets/Prefabs/Avatars/Chef_4.prefab using Guid(73f449d1232a06345bae100dc5d365fe) Importer(815301076,1909f56bfc062723c751e8b465ee728b)  -> (artifact id: 'd4dbc6fa490d506ea68a817e96c36d08') in 0.001355 seconds
Number of updated asset objects reloaded before import = 0
Number of asset objects unloaded after import = 6
========================================================================
Received Import Request.
  Time since last request: 0.007313 seconds.
  path: Assets/Prefabs/Avatars/Chef_6.prefab
  artifactKey: Guid(8df078eae69cf794091841bfdd89e5e0) Importer(815301076,1909f56bfc062723c751e8b465ee728b)
Start importing Assets/Prefabs/Avatars/Chef_6.prefab using Guid(8df078eae69cf794091841bfdd89e5e0) Importer(815301076,1909f56bfc062723c751e8b465ee728b)  -> (artifact id: 'eb6590a2ec7df9371ef5a77edf737c8d') in 0.001228 seconds
Number of updated asset objects reloaded before import = 0
Number of asset objects unloaded after import = 6
========================================================================
Received Import Request.
  Time since last request: 0.003498 seconds.
  path: Assets/Prefabs/Avatars/Chef_7.prefab
  artifactKey: Guid(1534a02008cb7c64e9f587a053f06c5d) Importer(815301076,1909f56bfc062723c751e8b465ee728b)
Start importing Assets/Prefabs/Avatars/Chef_7.prefab using Guid(1534a02008cb7c64e9f587a053f06c5d) Importer(815301076,1909f56bfc062723c751e8b465ee728b)  -> (artifact id: 'b02c5f7629600d63f4ba636487bb3fa2') in 0.001494 seconds
Number of updated asset objects reloaded before import = 0
Number of asset objects unloaded after import = 6
========================================================================
Received Import Request.
  Time since last request: 0.003003 seconds.
  path: Assets/Prefabs/Avatars/Chef_9.prefab
  artifactKey: Guid(21804d983deaf2a488311e7e23a097d5) Importer(815301076,1909f56bfc062723c751e8b465ee728b)
Start importing Assets/Prefabs/Avatars/Chef_9.prefab using Guid(21804d983deaf2a488311e7e23a097d5) Importer(815301076,1909f56bfc062723c751e8b465ee728b)  -> (artifact id: '7588e9c5d4d4def5bfdce96d6028f339') in 0.001212 seconds
Number of updated asset objects reloaded before import = 0
Number of asset objects unloaded after import = 6
========================================================================
Received Import Request.
  Time since last request: 0.005379 seconds.
  path: Assets/Prefabs/Avatars/Chef_11.prefab
  artifactKey: Guid(1af25533a13c8d54baf6adfe3d0537f6) Importer(815301076,1909f56bfc062723c751e8b465ee728b)
Start importing Assets/Prefabs/Avatars/Chef_11.prefab using Guid(1af25533a13c8d54baf6adfe3d0537f6) Importer(815301076,1909f56bfc062723c751e8b465ee728b)  -> (artifact id: 'a5d220874ea58733aed028b9c5f4ac8c') in 0.001239 seconds
Number of updated asset objects reloaded before import = 0
Number of asset objects unloaded after import = 6
========================================================================
Received Import Request.
  Time since last request: 0.005298 seconds.
  path: Assets/Prefabs/Avatars/Chef_13.prefab
  artifactKey: Guid(a64e36fd1065ac64ab3b9bc8758fcb78) Importer(815301076,1909f56bfc062723c751e8b465ee728b)
Start importing Assets/Prefabs/Avatars/Chef_13.prefab using Guid(a64e36fd1065ac64ab3b9bc8758fcb78) Importer(815301076,1909f56bfc062723c751e8b465ee728b)  -> (artifact id: '8dfe088a0784451507db482bae429f32') in 0.001261 seconds
Number of updated asset objects reloaded before import = 0
Number of asset objects unloaded after import = 6
========================================================================
Received Import Request.
  Time since last request: 2.563479 seconds.
  path: Assets/Prefabs/Effects/BreakBurst.prefab
  artifactKey: Guid(958b5c215edff62419dca70efa08d32c) Importer(815301076,1909f56bfc062723c751e8b465ee728b)
Start importing Assets/Prefabs/Effects/BreakBurst.prefab using Guid(958b5c215edff62419dca70efa08d32c) Importer(815301076,1909f56bfc062723c751e8b465ee728b)  -> (artifact id: 'b7f44263f168d3c48c8b72be3509486a') in 0.002828 seconds
Number of updated asset objects reloaded before import = 0
Number of asset objects unloaded after import = 6
========================================================================
Received Import Request.
  Time since last request: 0.001326 seconds.
  path: Assets/Prefabs/Effects/FishFall.prefab
  artifactKey: Guid(e49dd2bd01f3c0546ba8fccf96c322b4) Importer(815301076,1909f56bfc062723c751e8b465ee728b)
Start importing Assets/Prefabs/Effects/FishFall.prefab using Guid(e49dd2bd01f3c0546ba8fccf96c322b4) Importer(815301076,1909f56bfc062723c751e8b465ee728b)  -> (artifact id: 'e2f46da16709d5055895a539a5d7e0a2') in 0.001172 seconds
Number of updated asset objects reloaded before import = 0
Number of asset objects unloaded after import = 5
========================================================================
Received Import Request.
  Time since last request: 0.000810 seconds.
  path: Assets/Prefabs/Effects/GemBurst-Bomb Variant.prefab
  artifactKey: Guid(d5ede00bb21ab3f4e96999d8ed72bd4a) Importer(815301076,1909f56bfc062723c751e8b465ee728b)
Start importing Assets/Prefabs/Effects/GemBurst-Bomb Variant.prefab using Guid(d5ede00bb21ab3f4e96999d8ed72bd4a) Importer(815301076,1909f56bfc062723c751e8b465ee728b)  -> (artifact id: 'c327350478baa146f8620b5c6919ffd2') in 0.001083 seconds
Number of updated asset objects reloaded before import = 0
Number of asset objects unloaded after import = 5
========================================================================
Received Import Request.
  Time since last request: 0.000097 seconds.
  path: Assets/Prefabs/Effects/GemBurst-Green Variant.prefab
  artifactKey: Guid(1dbfde8b4aa3e4847ac2a09916ea0bed) Importer(815301076,1909f56bfc062723c751e8b465ee728b)
Start importing Assets/Prefabs/Effects/GemBurst-Green Variant.prefab using Guid(1dbfde8b4aa3e4847ac2a09916ea0bed) Importer(815301076,1909f56bfc062723c751e8b465ee728b)  -> (artifact id: 'aee0ae0ba618b6ac79a2146bae7a2e79') in 0.000992 seconds
Number of updated asset objects reloaded before import = 0
Number of asset objects unloaded after import = 5
========================================================================
Received Import Request.
  Time since last request: 0.000699 seconds.
  path: Assets/Prefabs/Effects/GemBurst-Red Variant.prefab
  artifactKey: Guid(bed9d09242fe2564a8fc32c29e5bf74e) Importer(815301076,1909f56bfc062723c751e8b465ee728b)
Start importing Assets/Prefabs/Effects/GemBurst-Red Variant.prefab using Guid(bed9d09242fe2564a8fc32c29e5bf74e) Importer(815301076,1909f56bfc062723c751e8b465ee728b)  -> (artifact id: '2f3a71828239768cb41dfee722a22961') in 0.000985 seconds
Number of updated asset objects reloaded before import = 0
Number of asset objects unloaded after import = 5
========================================================================
Received Import Request.
  Time since last request: 0.000474 seconds.
  path: Assets/Prefabs/Effects/MushBurst.prefab
  artifactKey: Guid(ef1801d63a135fa4f9abf137b71f53cb) Importer(815301076,1909f56bfc062723c751e8b465ee728b)
Start importing Assets/Prefabs/Effects/MushBurst.prefab using Guid(ef1801d63a135fa4f9abf137b71f53cb) Importer(815301076,1909f56bfc062723c751e8b465ee728b)  -> (artifact id: 'ab6bdfc43932006231b33569fbc44077') in 0.000963 seconds
Number of updated asset objects reloaded before import = 0
Number of asset objects unloaded after import = 5
========================================================================
Received Import Request.
  Time since last request: 0.001535 seconds.
  path: Assets/Prefabs/Effects/SeaHorseFall.prefab
  artifactKey: Guid(24f20f03f26cea8418b6010c7a9a3cd3) Importer(815301076,1909f56bfc062723c751e8b465ee728b)
Start importing Assets/Prefabs/Effects/SeaHorseFall.prefab using Guid(24f20f03f26cea8418b6010c7a9a3cd3) Importer(815301076,1909f56bfc062723c751e8b465ee728b)  -> (artifact id: '51b634bde8c87520a78b6ce5b2e10de2') in 0.001097 seconds
Number of updated asset objects reloaded before import = 0
Number of asset objects unloaded after import = 5
========================================================================
Received Import Request.
  Time since last request: 5.221518 seconds.
  path: Assets/Prefabs/Gems/Chef.prefab
  artifactKey: Guid(d6f66772c604bbe489f93ac5846dd16b) Importer(815301076,1909f56bfc062723c751e8b465ee728b)
Start importing Assets/Prefabs/Gems/Chef.prefab using Guid(d6f66772c604bbe489f93ac5846dd16b) Importer(815301076,1909f56bfc062723c751e8b465ee728b)  -> (artifact id: '1fc8f261e98fe3fb092836ae50e7bc65') in 0.001970 seconds
Number of updated asset objects reloaded before import = 0
Number of asset objects unloaded after import = 9
========================================================================
Received Import Request.
  Time since last request: 234.230968 seconds.
  path: Assets/Scripts/JuiceManager.asset
  artifactKey: Guid(ceb669a2d66a5a541be5a06ea9b925e3) Importer(815301076,1909f56bfc062723c751e8b465ee728b)
Start importing Assets/Scripts/JuiceManager.asset using Guid(ceb669a2d66a5a541be5a06ea9b925e3) Importer(815301076,1909f56bfc062723c751e8b465ee728b)  -> (artifact id: '594ae803d9d73d337e38f4099220bf53') in 0.007127 seconds
Number of updated asset objects reloaded before import = 0
Number of asset objects unloaded after import = 63
